<?xml version="1.0" encoding="UTF-8"?>
<!-- Generated by org.testng.reporters.JUnitReportReporter -->
<testsuite hostname="Hassenes-MBP" failures="0" tests="10" name="orangehrm.project.tests.LoginPageTest" time="52.478" errors="0" timestamp="2023-02-05T22:42:17 EST" skipped="0">
  <testcase classname="orangehrm.project.tests.LoginPageTest" name="FacebookIconLink" time="4.482"/>
  <system-out/>
  <testcase classname="orangehrm.project.tests.LoginPageTest" name="OrangeHrmIncLink" time="5.667"/>
  <system-out/>
  <testcase classname="orangehrm.project.tests.LoginPageTest" name="TweeterIconLink" time="4.421"/>
  <system-out/>
  <testcase classname="orangehrm.project.tests.LoginPageTest" name="LoginTest" time="5.173"/>
  <system-out/>
  <testcase classname="orangehrm.project.tests.LoginPageTest" name="LoginTestWithInvalidCredentials" time="4.978"/>
  <system-out/>
  <testcase classname="orangehrm.project.tests.LoginPageTest" name="LoginTestWithInvalidCredentials" time="4.735"/>
  <system-out/>
  <testcase classname="orangehrm.project.tests.LoginPageTest" name="LoginTestWithInvalidCredentials" time="5.040"/>
  <system-out/>
  <testcase classname="orangehrm.project.tests.LoginPageTest" name="ResetPassword" time="5.836"/>
  <system-out/>
  <testcase classname="orangehrm.project.tests.LoginPageTest" name="LinkedinIconLink" time="4.539"/>
  <system-out/>
  <testcase classname="orangehrm.project.tests.LoginPageTest" name="YouTubeIconLink" time="7.607"/>
  <system-out/>
</testsuite> <!-- orangehrm.project.tests.LoginPageTest -->
