<?xml version="1.0" encoding="UTF-8"?>
<!-- Generated by org.testng.reporters.JUnitReportReporter -->
<testsuite hostname="Hassenes-MBP" failures="0" tests="8" name="orangehrm.project.tests.HomePagetest" time="52.053" errors="0" timestamp="2023-02-05T22:42:17 EST" skipped="0">
  <testcase classname="orangehrm.project.tests.HomePagetest" name="AdminFromMenu" time="6.505"/>
  <system-out/>
  <testcase classname="orangehrm.project.tests.HomePagetest" name="LeaveFromMenu" time="6.607"/>
  <system-out/>
  <testcase classname="orangehrm.project.tests.HomePagetest" name="TimeFromMenu" time="6.572"/>
  <system-out/>
  <testcase classname="orangehrm.project.tests.HomePagetest" name="RecruitmentFromMenu" time="6.483"/>
  <system-out/>
  <testcase classname="orangehrm.project.tests.HomePagetest" name="PerformanceFromMenu" time="6.568"/>
  <system-out/>
  <testcase classname="orangehrm.project.tests.HomePagetest" name="DashboardFromMenu" time="6.229"/>
  <system-out/>
  <testcase classname="orangehrm.project.tests.HomePagetest" name="DirectoryFromMenu" time="6.748"/>
  <system-out/>
  <testcase classname="orangehrm.project.tests.HomePagetest" name="BuzzFromMenu" time="6.341"/>
  <system-out/>
</testsuite> <!-- orangehrm.project.tests.HomePagetest -->
