<?xml version="1.0" encoding="UTF-8"?>
<!-- Generated by org.testng.reporters.JUnitReportReporter -->
<testsuite hostname="Hassenes-MBP" failures="0" tests="2" name="orangehrm.project.tests.BuzzPageTest" time="7.251" errors="0" timestamp="2023-02-05T22:42:17 EST" skipped="1">
  <testcase classname="orangehrm.project.tests.BuzzPageTest" name="addCommentToMostRecentPost" time="7.251"/>
  <system-out/>
  <testcase classname="orangehrm.project.tests.BuzzPageTest" name="PostAnImage">
    <skipped/>
  </testcase> <!-- PostAnImage -->
  <system-out/>
</testsuite> <!-- orangehrm.project.tests.BuzzPageTest -->
